
__access_remote_vm
access_remote_vm
account_idle_ticks
account_idle_time
account_kernel_stack.isra.0
account_process_tick
account_system_index_time
account_system_time
account_user_time
activate_task
add_device_randomness
add_interrupt_randomness
add_timer_global
add_timer_on
add_transaction_credits
add_wait_queue
alloc_bprm
alloc_buffer_head
alloc_empty_file
alloc_fd
alloc_fdtable
alloc_file_clone
alloc_file_pseudo
alloc_inode
alloc_new_pud.isra.0
alloc_pages_bulk_array_mempolicy_noprof
alloc_pages_bulk_noprof
alloc_pages_mpol_noprof
__alloc_pages_noprof
alloc_pages_noprof
alloc_pid
alloc_pipe_info
__alloc_skb
alloc_skb_with_frags
alloc_slab_obj_exts
alloc_vmap_area
always_delete_dentry
anon_pipe_buf_release
anon_vma_clone
anon_vma_fork
__anon_vma_interval_tree_augment_rotate
anon_vma_interval_tree_insert
anon_vma_interval_tree_remove
__anon_vma_prepare
aplic_msi_irq_eoi
arch_cpu_idle_enter
arch_cpu_idle_exit
arch_do_signal_or_restart
arch_dup_task_struct
arch_irq_work_raise
arch_mmap_rnd
arch_pick_mmap_layout
arch_prctl_spec_ctrl_get
arch_proc_pid_thread_features
arch_release_task_struct
arch_send_call_function_ipi_mask
arch_send_call_function_single_ipi
arch_setup_additional_pages
arch_smp_send_reschedule
async_synchronize_cookie_domain
atime_needs_update
attach_entity_load_avg
attach_pid
attach_task
audit_alloc
auditd_test_task
audit_filter
__audit_free
__audit_getname
__audit_inode
audit_log_common_recv_msg
audit_log_end
audit_log_format
audit_log_start
audit_log_task_context
audit_log_vformat
audit_receive
audit_receive_msg
audit_reset_context.part.0.constprop.0
__audit_syscall_entry
__audit_syscall_exit
autoremove_wake_function
available_idle_cpu
avg_vruntime
bad_range
balance_dirty_pages
balance_dirty_pages_ratelimited
balance_dirty_pages_ratelimited_flags
balance_dl
balance_fair
balance_rt
balance_stop
bdev_getblk
begin_new_exec
bio_add_folio
__bio_add_page
bio_add_page
bio_alloc_bioset
bio_alloc_clone
bio_associate_blkg
bio_associate_blkg_from_css
bio_chain
bio_clone_blkg_association
bio_endio
bio_free
bio_put
bio_split
bio_split_rw
__bio_split_to_limits
bio_uninit
bit_wait_io
bit_waitqueue
blake2s_compress_generic
blake2s_update
blk_account_io_completion.part.0
blk_add_rq_to_plug
blk_add_timer
blk_attempt_plug_merge
blkcg_exit
blkcg_maybe_throttle_current
blk_cgroup_bio_start
blk_complete_reqs
blk_done_softirq
blk_finish_plug
blk_flush_complete_seq
blk_flush_cur_seq.isra.0
__blk_mq_alloc_driver_tag
__blk_mq_alloc_requests
blk_mq_complete_request
__blk_mq_complete_request_remote
blk_mq_complete_request_remote
blk_mq_delay_run_hw_queue
blk_mq_dispatch_rq_list
blk_mq_end_request
blk_mq_flush_plug_list.part.0
__blk_mq_free_request
blk_mq_free_request
__blk_mq_get_tag
blk_mq_get_tag
blk_mq_hctx_has_pending
blk_mq_insert_request
blk_mq_kick_requeue_list
blk_mq_put_tag
blk_mq_requeue_work
blk_mq_rq_ctx_init.isra.0
blk_mq_run_hw_queue
blk_mq_run_hw_queues
blk_mq_sched_bio_merge
__blk_mq_sched_dispatch_requests
blk_mq_sched_dispatch_requests
__blk_mq_sched_restart
blk_mq_sched_try_insert_merge
blk_mq_sched_try_merge
blk_mq_start_request
blk_mq_start_stopped_hw_queues
blk_mq_submit_bio
blk_queue_exit
blk_rq_init
__blk_rq_map_sg
blk_rq_merge_ok
blk_start_plug
blk_update_request
__block_commit_write
block_dirty_folio
block_page_mkwrite
__block_write_begin
__block_write_begin_int
block_write_end
___bpf_prog_run
__bpf_prog_run32
bpf_rstat_flush
bpf_sk_storage_free
bpf_task_storage_free
bprm_execve
__brelse
__build_skb_around
bvec_alloc
bvec_free
bvec_split_segs
bvec_try_merge_page
cache_clean
__calc_delta.constprop.0
calc_global_load
calc_global_load_tick
calc_load_nohz_start
calc_load_nohz_stop
calculate_sigpending
calc_wheel_index
call_filldir
call_function_single_prep_ipi
call_rcu
__call_rcu_common.constprop.0
call_timer_fn
call_usermodehelper_exec_async
can_migrate_task
can_modify_mm
can_stop_idle_tick
__cant_migrate
can_vma_merge_after.isra.0
can_vma_merge_before.isra.0
cap_bprm_creds_from_file
cap_capable
cap_inode_need_killpriv
cap_mmap_addr
cap_mmap_file
cap_ptrace_access_check
cap_vm_enough_memory
cdev_put
cgroup_can_fork
cgroup_css_set_put_fork
cgroup_enter_frozen
cgroup_exit
cgroup_fork
cgroup_free
cgroup_leave_frozen
cgroup_path_ns_locked
cgroup_post_fork
cgroup_release
cgroup_rstat_flush
cgroup_rstat_flush_locked
cgroup_rstat_updated
cgroup_sk_alloc
cgroup_sk_free
cgroup_update_frozen
chacha_block_generic
chacha_permute
__change_pid
change_protection
__check_block_validity.constprop.0
check_brk_limits
check_cfs_rq_runtime
check_flush_dependency
check_preempt_wakeup_fair
check_tty_count
check_vma_flags
child_wait_callback
chksum_update
chrdev_open
clean_bdev_aliases
__cleanup_sighand
clear_inode
clear_pending_if_disabled
clear_posix_cputimers_work
clockevents_program_event
clockevents_program_min_delta
close_pdeo
__close_range
cmdline_proc_show
collect_signal
commit_creds
comm_open
comm_show
complete
complete_signal
complete_walk
completion_done
__cond_resched
const_folio_flags
const_folio_flags.constprop.0
consume_skb
copy_creds
copy_from_kernel_nofault
copy_from_kernel_nofault_allowed
copy_fs_struct
__copy_msghdr
copy_msghdr_from_user
copy_namespaces
copy_page_range
copy_process
copy_semundo
copy_siginfo_to_user
__copy_skb_header
copy_string_kernel
copy_strings.isra.0
copy_strings_kernel
copy_thread
core_sys_select
count.constprop.0.isra.0
__count_memcg_events
count_strings_kernel.part.0
cp_new_stat
cpuacct_account_field
cpuacct_charge
cpuidle_get_cpu_driver
cpuidle_not_available
cpuset_can_fork
cpuset_cpu_is_isolated
cpuset_fork
cpuset_task_status_allowed
cpus_read_lock
cpus_read_unlock
cpus_share_cache
cpu_stopper_thread
cpu_stop_queue_work
cpu_stop_should_run
cputime_adjust
cpu_util.constprop.0
create_empty_buffers
create_pipe_files
create_worker
crng_fast_key_erasure
crng_make_state
crypto_shash_update
css_set_move_task
current_in_userns
current_objcg_update
current_time
d_add
__d_alloc
d_alloc
d_alloc_parallel
d_alloc_pseudo
datagram_poll
dd_bio_merge
__dd_dispatch_request
dd_dispatch_request
dd_finish_request
dd_has_work
dd_insert_requests
dd_limit_depth
dd_prepare_request
dd_request_merge
___d_drop
deactivate_task
decay_pcp_high
decode_vn_id
dec_rlimit_put_ucounts
dec_rlimit_ucounts
default_wake_function
delayed_put_pid
delayed_put_task_struct
delayed_uprobe_remove
delayed_vfree_work
delayed_work_timer_fn
dentry_free
__dentry_kill
dentry_needs_remove_privs
dentry_open
dentry_unlink_inode
__dequeue_entity
dequeue_entity
dequeue_signal
dequeue_task_fair
dequeue_task_stop
__destroy_inode
destroy_inode
detach_buf_split
detach_entity_load_avg
detach_if_pending
detach_pid
devcgroup_check_permission
dev_pm_disable_wake_irq_check
dev_pm_enable_wake_irq_check
dev_pm_enable_wake_irq_complete
__dev_pm_qos_resume_latency
dev_watchdog
d_flags_for_inode
__d_free
dget_parent
__d_instantiate
d_instantiate
dirty_poll_interval.part.0
disassociate_ctty
__d_lookup
d_lookup
__d_lookup_rcu
__d_lookup_unhash
__d_lookup_unhash_wake
d_lru_add
dnotify_flush
do_accept
do_brk_flags
do_cache_clean
do_close_on_exec
do_compat_epoll_pwait.part.0
do_csum
do_dec_rlimit_put_ucounts
do_dentry_open
do_dup2
do_epoll_ctl
do_epoll_wait
do_execveat_common.isra.0
do_exit
do_faccessat
__do_fault
do_fcntl
do_filp_open
do_ftruncate
do_futex
do_get_write_access
do_getxattr
do_group_exit
do_huge_pmd_anonymous_page
do_idle
domain_dirty_limits
do_memsw_account
do_mmap
do_mprotect_pkey.constprop.0
do_notify_parent
do_notify_pidfd
do_open_execat
do_output_char
do_page_mkwrite
do_pipe2
__do_pipe_flags.part.0
do_prlimit
do_proc_dopipe_max_size_conv
__do_proc_douintvec
do_proc_douintvec
do_raw_read_lock
do_raw_read_unlock
do_raw_spin_lock
do_raw_spin_trylock
do_raw_spin_unlock
do_raw_write_lock
do_raw_write_unlock
do_readlinkat
do_select
do_sigaction
do_sigaltstack.constprop.0
do_sock_getsockopt
___do_softirq
__do_softirq
do_softirq
do_softirq_own_stack
do_splice
do_splice_read
do_statfs_native
do_sys_openat2
do_sys_poll
do_task_dead
do_timerfd_settime
do_truncate
do_vfs_ioctl
do_vmi_align_munmap.isra.0
do_vmi_munmap
__do_wait
do_wait
downgrade_write
down_read
down_read_killable
down_read_trylock
down_write
down_write_killable
do_wp_page
do_writepages
d_path
dput
drain_obj_stock
drain_stock
__d_rehash
d_same_name
d_set_d_op
d_splice_alias
dup_fd
dup_user_cpus_ptr
dyntick_save_progress_counter
elf_load
elv_attempt_insert_merge
elv_merge
elv_rb_add
elv_rb_del
elv_rb_find
elv_rqhash_add
elv_rqhash_del
elv_rqhash_find
end_bio_bh_io_sync
__enqueue_entity
enqueue_entity
enqueue_hrtimer
enqueue_task_fair
enqueue_task_stop
enqueue_timer
enter_vector_usercopy
ep_autoremove_wake_function
ep_done_scan
ep_eventpoll_poll
__ep_eventpoll_poll.isra.0
ep_item_poll.isra.0
ep_poll_callback
ep_ptable_queue_proc
ep_refcount_dec_and_test
__ep_remove
ep_remove_wait_queue
__es_find_extent_range
__es_insert_extent
__es_remove_extent
__es_tree_search.isra.0
eventfd_poll
eventfd_read
eventfd_write
evict
exec_mm_release
exec_task_namespaces
exit_aio
exit_creds
exit_files
exit_fs
exit_itimers
exit_mmap
exit_mm_release
exit_rcu
exit_robust_list
exit_sem
exit_shm
exit_signals
exit_task_namespaces
exit_tasks_rcu_finish
exit_tasks_rcu_start
exit_task_stack_account
expand_downwards
expand_files
expand_stack_locked
ext4_alloc_io_end_vec
ext4_bio_write_folio
ext4_block_bitmap
ext4_block_bitmap_csum_set
ext4_bread
ext4_buffered_write_iter
ext4_cache_extents
__ext4_check_dir_entry
ext4_claim_free_clusters
ext4_convert_inline_data
ext4_convert_unwritten_extents
ext4_convert_unwritten_io_end_vec
ext4_da_get_block_prep
ext4_da_reserve_space
ext4_da_update_reserve_space
ext4_da_write_begin
ext4_da_write_end
ext4_dirty_folio
ext4_dirty_inode
ext4_do_writepages
ext4_end_bio
ext4_end_io_rsv_work
ext4_es_cache_extent
ext4_es_can_be_merged.isra.0
ext4_es_find_extent_range
ext4_es_free_extent
ext4_es_insert_delayed_block
ext4_es_insert_extent
ext4_es_lookup_extent
ext4_ext_correct_indexes
__ext4_ext_dirty
ext4_ext_find_goal
ext4_ext_index_trans_blocks
ext4_ext_insert_extent
ext4_ext_map_blocks
ext4_ext_search_right
ext4_ext_try_to_merge
ext4_ext_try_to_merge_right
ext4_fc_track_inode
ext4_fc_track_range
ext4_file_getattr
ext4_file_mmap
ext4_file_open
ext4_file_read_iter
ext4_file_write_iter
ext4_fill_raw_inode
ext4_find_extent
ext4_finish_bio
ext4_free_group_clusters
ext4_free_group_clusters_set
ext4fs_dirhash
ext4_generic_write_checks
ext4_getattr
ext4_getblk
ext4_get_group_desc
ext4_get_group_info
ext4_get_group_no_and_offset
__ext4_get_inode_loc
ext4_get_inode_loc
ext4_group_desc_csum
ext4_group_desc_csum_set
__ext4_handle_dirty_metadata
ext4_has_free_clusters
ext4_htree_fill_tree
ext4_htree_store_dirent
ext4_init_io_end
ext4_inode_block_valid
ext4_inode_csum
ext4_inode_csum_set
ext4_inode_journal_mode
ext4_inode_table
ext4_inode_to_goal_block
__ext4_ioctl
ext4_ioctl
ext4_io_submit
ext4_io_submit_init
ext4_journal_bmap
ext4_journal_check_start
__ext4_journal_get_write_access
__ext4_journal_start_reserved
__ext4_journal_start_sb
__ext4_journal_stop
ext4_last_io_end_vec
ext4_llseek
ext4_map_blocks
ext4_map_query_blocks.constprop.0
ext4_mark_iloc_dirty
__ext4_mark_inode_dirty
ext4_mb_find_by_goal
ext4_mb_good_group
ext4_mb_initialize_context
ext4_mb_load_buddy_gfp
ext4_mb_mark_context
ext4_mb_mark_diskspace_used
ext4_mb_mark_free_simple.isra.0
ext4_mb_new_blocks
ext4_mb_new_inode_pa
ext4_mb_normalize_request.constprop.0
ext4_mb_prefetch
ext4_mb_prefetch_fini
ext4_mb_regular_allocator
ext4_mb_simple_scan_group
ext4_mb_unload_buddy
ext4_mb_use_best_found
ext4_mb_use_inode_pa
ext4_mb_use_preallocated
ext4_meta_trans_blocks
ext4_nonda_switch
ext4_orphan_del
ext4_page_mkwrite
ext4_put_io_end_defer
ext4_read_block_bitmap
ext4_read_block_bitmap_nowait
ext4_readdir
__ext4_read_dirblock
ext4_release_dir
ext4_release_file
ext4_release_io_end
ext4_reserve_inode_write
ext4_sb_block_valid
ext4_setattr
ext4_superblock_csum_set
ext4_validate_block_bitmap
ext4_wait_block_bitmap
ext4_writepages
ext4_xattr_get
ext4_xattr_ibody_get
ext4_xattr_security_get
extfrag_for_order
fast_mix
fasync_helper
fasync_remove_entry
fault_dirty_shared_page
fault_in_readable
__fdget
__fdget_pos
__fdget_raw
fd_install
fd_statfs
f_dupfd
fetch_next_timer_interrupt.constprop.0
fetch_next_timer_interrupt_remote
fget
__fget_light
file_close_fd
file_close_fd_locked
file_init_path
__filemap_add_folio
filemap_add_folio
filemap_alloc_folio_noprof
filemap_fault
filemap_get_entry
__filemap_get_folio
filemap_get_folios
filemap_get_folios_tag
filemap_get_pages
filemap_get_read_batch
filemap_map_pages
filemap_read
file_modified
filename_lookup
file_ra_state_init
file_remove_privs
file_remove_privs_flags
file_tty_write.isra.0
file_update_time
filldir64
filp_close
filp_flush
finalize_exec
find_extend_vma_locked
__find_get_block
find_get_pid
find_lock_entries
find_mergeable_anon_vma
find_unlink_vmap_area
find_vma
find_vma_intersection
find_vmap_area
find_vm_area
finish_fault
finish_mkwrite_fault
finish_swait
finish_task_switch.isra.0
finish_wait
first_online_pgdat
fixup_exception
flush_end_io
__flush_itimer_signals
flush_itimer_signals
flush_memcg_stats_dwork
flush_signal_handlers
flush_sigqueue
flush_sigqueue_mask
__flush_smp_call_function_queue
flush_smp_call_function_queue
flush_thread
flush_tlb_batched_pending
flush_tlb_kernel_range
flush_tlb_mm
flush_tlb_mm_range
flush_tlb_page
flush_tlb_range
__flush_tlb_range.part.0
__flush_work
flush_work
fold_diff
folio_activate
folio_add_file_rmap_ptes
folio_add_lru
folio_add_lru_vma
folio_add_new_anon_rmap
folio_alloc_buffers
folio_alloc_noprof
folio_batch_add_and_move
folio_batch_move_lru
__folio_batch_release
folio_clear_dirty_for_io
folio_create_buffers
__folio_end_writeback
folio_end_writeback
folio_flags
folio_flags.constprop.0
folio_isolate_lru
folio_lruvec_lock_irq
folio_lruvec_lock_irqsave
folio_mapping
folio_mark_accessed
__folio_mark_dirty
folio_mark_dirty
folio_memcg_lock
folio_memcg_unlock
folio_mkclean
folio_move_anon_rmap
__folio_put
folio_putback_lru
folio_remove_rmap_ptes
__folio_set_anon
folio_set_bh
folios_put_refs
__folio_start_writeback
__folio_throttle_swaprate
folio_unlock
folio_wait_stable
folio_wait_writeback
follow_page_mask
follow_page_pte.isra.0
force_qs_rnp
format_worker_id
____fput
__fput
fput
__fput_sync
free_bprm
free_inode_nonrcu
free_large_kmalloc
free_page_and_swap_cache
__free_pages
free_pages
free_pages_and_swap_cache
free_pages.part.0
free_pcppages_bulk
free_percpu
free_pgd_range
free_pgtables
free_pid
free_pipe_info
free_rb_tree_fname
free_swap_cache
free_tail_page_prepare
free_task
free_uid
free_unmap_vmap_area
free_unref_folios
free_unref_page
free_unref_page_commit
free_vmap_area_noflush
freezer_fork
from_kgid
from_kgid_munged
from_kprojid
from_kuid
from_kuid_munged
fsnotify
fsnotify_compare_groups
fsnotify_destroy_event
fsnotify_destroy_marks
fsnotify_find_mark
fsnotify_grab_connector
fsnotify_handle_inode_event.isra.0
__fsnotify_inode_delete
fsnotify_insert_event
__fsnotify_parent
fsnotify_peek_first_event
fsnotify_remove_first_event
fsnotify_remove_queued_event
function:
__f_unlock_pos
futex_exec_release
futex_exit_release
futex_get_value_locked
futex_hash
futex_q_lock
__futex_queue
futex_setup_timer
__futex_unqueue
futex_unqueue
__futex_wait
futex_wait
futex_wait_queue
futex_wait_setup
futex_wake
__futex_wake_mark
futex_wake_mark
generic_exec_single
generic_file_llseek_size
generic_file_open
generic_file_read_iter
generic_fillattr
generic_get_unmapped_area_topdown
generic_handle_domain_irq
generic_perform_write
generic_permission
generic_smp_call_function_single_interrupt
generic_update_time
generic_write_check_limits
generic_write_checks
generic_write_checks_count
get_arg_page
getboottime64
get_cached_acl
get_cached_acl_rcu
get_cache_geometry
get_cache_size
get_cpu_cacheinfo
get_cpu_idle_time_us
get_cpu_iowait_time_us
get_cpu_sleep_time_us.part.0
get_cpu_vector_context
get_current_tty
get_file_rcu
get_free_pages_noprof
get_futex_key
get_idle_time
get_inode_acl
get_itimerspec64
get_jiffies_update
get_max_files
get_mem_cgroup_from_mm
getname
getname_flags
getname_flags.part.0
getname_kernel
get_next_ino
get_next_timer_interrupt
get_nohz_timer_target
get_old_pud
get_page_from_freelist
get_partial_node.part.0
get_pfnblock_flags_mask.constprop.0
get_pid_task
get_pipe_info
_get_random_bytes
get_random_bytes
get_random_bytes_user
get_random_u64
get_rt_frame_size
get_seccomp_filter
get_signal
__get_task_comm
get_task_cred
get_task_exe_file
get_task_mm
get_task_pid
get_task_policy
get_timespec64
get_ucounts
__get_unmapped_area
get_unused_fd_flags
get_user_arg_ptr.isra.0
__get_user_pages
get_user_pages_remote
get_vfs_caps_from_disk
get_vma_policy
__get_vm_area_node
getxattr
global_dirtyable_memory
group_balance_cpu
guard_bio_eod
gup_vma_lookup
handle_dots
handle_fasteoi_irq
handle_IPI
handle_irq_event
__handle_irq_event_percpu
__handle_mm_fault
handle_mm_fault
handle_page_fault
handle_percpu_devid_irq
handle_softirqs
has_bh_in_lru
housekeeping_cpumask
housekeeping_enabled
housekeeping_test_cpu
hpage_collapse_scan_abort
hpage_collapse_scan_pmd
hrtick_update
hrtimer_active
hrtimer_cancel
hrtimer_forward
hrtimer_get_next_event
__hrtimer_init
hrtimer_init
hrtimer_init_sleeper
hrtimer_interrupt
__hrtimer_next_event_base
hrtimer_reprogram.constprop.0
__hrtimer_run_queues
hrtimer_run_queues
hrtimer_sleeper_start_expires
hrtimer_start_range_ns
hrtimer_try_to_cancel
hrtimer_try_to_cancel.part.0
hrtimer_update_next_event
hrtimer_wakeup
htree_dirblock_to_tree
hugepage_pmd_enabled
hugepage_pmd_enabled.part.0
hugetlb_report_usage
__hvc_poll
hvc_sbi_dbcn_tty_get
i_callback
idle_cpu
imsic_handle_irq
imsic_ipi_send
imsic_vector_from_local_id
inc_rlimit_get_ucounts
inc_rlimit_ucounts
init_dl_entity
init_entity_runnable_average
init_file
init_peercred
__init_rwsem
__init_swait_queue_head
init_timer_key
init_wait_entry
__init_waitqueue_head
inode_add_bytes
inode_add_lru
__inode_attach_wb
inode_has_buffers
inode_init_always
inode_io_list_move_locked
inode_maybe_inc_iversion
inode_needs_update_time
inode_newsize_ok
inode_permission
inode_query_iversion
inode_set_ctime_current
inode_to_bdi
inode_update_timestamps
__inode_wait_for_writeback
inode_wait_for_writeback
inotify_free_event
inotify_handle_inode_event
inotify_poll
inotify_read
insert_vmap_area
insert_vmap_area_augment.constprop.0
insert_vm_struct
__install_special_mapping
_install_special_mapping
int_seq_next
int_seq_start
int_seq_stop
invalidate_bh_lrus_cpu
invoke_rcu_core
io_schedule
__ipi_flush_tlb_range_asid
ipi_mux_process
ipi_mux_send_mask
__ipi_send_mask
iput
irq_affinity_proc_open
irq_affinity_proc_show
irq_enter_rcu
irq_exit_rcu
irq_get_next_irq
__irq_resolve_mapping
irq_to_desc
is_dx_dir
is_refcount_suitable
is_rlimit_overlimit
is_valid_gup_args
is_vmalloc_addr
iterate_dir
iter_file_splice_write
jbd2_buffer_frozen_trigger
jbd2_clear_buffer_revoked_flags
jbd2_descriptor_block_csum_set
jbd2_journal_add_journal_head
jbd2_journal_blocks_per_page
jbd2_journal_bmap
jbd2_journal_cancel_revoke
__jbd2_journal_clean_checkpoint_list
jbd2_journal_commit_transaction
jbd2_journal_dirty_metadata
__jbd2_journal_drop_transaction
__jbd2_journal_file_buffer
jbd2_journal_free_transaction
jbd2_journal_get_descriptor_buffer
jbd2_journal_get_write_access
jbd2_journal_grab_journal_head
jbd2_journal_next_log_block
jbd2_journal_put_journal_head
__jbd2_journal_remove_checkpoint
jbd2__journal_start
jbd2_journal_start_reserved
jbd2_journal_stop
jbd2_journal_switch_revoke_table
__jbd2_journal_temp_unlink_buffer
jbd2_journal_try_remove_checkpoint
jbd2_journal_wait_updates
jbd2_journal_write_metadata_buffer
jbd2_journal_write_revoke_records
__jbd2_log_start_commit
jbd2_log_start_commit
jbd2_write_access_granted
journal_end_buffer_io_sync
journal_shrink_one_cp_list
journal_tag_bytes
kauditd_send_multicast_skb
kauditd_send_queue
kblockd_mod_delayed_work_on
kernel_clone
kernel_execve
kernel_init_pages
__kernel_read
kernel_read
kernel_termios_to_user_termios_1
kernel_vector_begin
kernel_vector_end
kernel_wait
kernel_wait4
kernel_waitid
kernel_waitid_prepare
kernfs_dop_revalidate
kernfs_iop_permission
kernfs_path_from_node
kernfs_path_from_node_locked
kernfs_refresh_inode
kernfs_vfs_xattr_get
kern_path
key_put
kfree
kfree_link
kfree_skbmem
kfree_skb_reason
khugepaged_enter_vma
kick_pool
kick_process
kill_fasync
kill_orphaned_pgrp
__kmalloc_large_node
__kmalloc_node_noprof
kmalloc_node_trace_noprof
kmalloc_node_track_caller_noprof
__kmalloc_noprof
kmalloc_reserve
kmalloc_size_roundup
kmalloc_trace_noprof
kmem_cache_alloc_bulk_noprof
kmem_cache_alloc_lru_noprof
kmem_cache_alloc_node_noprof
kmem_cache_alloc_noprof
kmem_cache_free
kmem_cache_free_bulk
kmem_cache_free_bulk.part.0
ksoftirqd_should_run
kstat_irqs_desc
kstat_irqs_usr
ksys_dup3
ksys_mmap_pgoff
ksys_read
ksys_write
kthread_blkcg
__kthread_create_on_node
kthread_create_on_node
kthread_data
kthread_is_per_cpu
kthread_set_per_cpu
kthread_should_park
kthread_should_stop
ktime_add_safe
ktime_get
ktime_get_coarse_real_ts64
ktime_get_real_seconds
ktime_get_ts64
ktime_get_update_offsets_now
ktime_get_with_offset
kvfree
kvfree_call_rcu
kvmalloc_node_noprof
lazy_max_pages
ldsem_down_read
ldsem_up_read
legitimize_links
__legitimize_mnt
__legitimize_path
link_path_walk.part.0.constprop.0
list_lru_add
list_lru_add_obj
load_elf_binary
load_elf_phdrs
load_script
__local_bh_enable_ip
locked_inode_to_wb_and_lock_list
lock_for_kill
lock_mm_and_find_vma
locks_free_lock_context
locks_remove_file
locks_remove_posix
__lock_task_sighand
__lock_text_start
lock_timer_base
lock_vma_under_rcu
lookup_fast
__lookup_mnt
lookup_mnt
__lookup_slow
lowest_in_progress
lru_add_drain
lru_add_drain_all
lru_add_drain_cpu
lru_add_drain_per_cpu
lru_add_fn
lruvec_memcg_debug.part.0
__lruvec_stat_mod_folio
make_kgid
make_kuid
make_vfsgid
make_vfsuid
map_id_range_down
map_id_up
mark_buffer_dirty
__mark_inode_dirty
mark_page_accessed
match_exception_partial
maybe_add_creds
may_expand_vm
may_open
may_setattr
mb_avg_fragment_size_order
mb_find_buddy
mb_find_order_for_block
mb_mark_used
mb_set_bits
mb_set_largest_free_order.isra.0
mb_update_avg_fragment_size
membarrier_exec_mmap
membarrier_update_current_mm
memcg_account_kmem
memcg_charge_kernel_stack
memcg_check_events
__memcg_kmem_charge_page
__memcg_kmem_uncharge_page
memcg_list_lru_alloc
__mem_cgroup_charge
mem_cgroup_charge_statistics
mem_cgroup_commit_charge
mem_cgroup_css_rstat_flush
mem_cgroup_exit
mem_cgroup_fork
mem_cgroup_from_slab_obj
mem_cgroup_from_task
mem_cgroup_handle_over_high
mem_cgroup_kmem_disabled
mem_cgroup_sk_alloc
mem_cgroup_sk_free
__mem_cgroup_threshold
mem_cgroup_track_foreign_dirty_slowpath
__mem_cgroup_uncharge
__mem_cgroup_uncharge_folios
mem_cgroup_update_lru_size
mem_cgroup_wb_domain
__memcg_slab_free_hook
__memcg_slab_post_alloc_hook
mempolicy_slab_node
mempool_alloc_noprof
mempool_alloc_slab
mempool_free
mempool_free_slab
mem_serial_in
mem_serial_out
__might_fault
__might_resched
__might_sleep
migrate_disable
migrate_enable
migrate_task_rq_fair
migration_cpu_stop
min_vruntime_cb_rotate
mix_interrupt_randomness
mlock_drain_local
mm_alloc
mmap_region
__mmdrop
mm_find_pmd
mm_get_unmapped_area_vmflags
mm_init
mmput
mm_put_huge_zero_folio
mm_release
mm_trace_rss_stat
mm_update_next_owner
mnt_drop_write
mntget
mnt_get_write_access
mnt_get_write_access_file
mnt_may_suid
mntput
mntput_no_expire
mnt_put_write_access
mnt_put_write_access_file
mnt_want_write
mod_delayed_work_on
__mod_lruvec_state
__mod_memcg_lruvec_state
__mod_memcg_state
__mod_node_page_state
mod_node_page_state
mod_objcg_state
mod_timer
__module_get
module_put
__mod_zone_page_state
mod_zone_page_state
move_addr_to_kernel
move_addr_to_user
move_linked_works
move_page_tables
move_queued_task
mpage_map_and_submit_buffers
mpage_prepare_extent_to_map
mpage_process_page_bufs
mpage_release_unused_pages
mpage_submit_folio
mpol_put_task_policy
mpol_shared_policy_lookup
mprotect_fixup
mq_flush_data_end_io
__msecs_to_jiffies
mul_u64_u64_div_u64
__mutex_init
mutex_lock
mutex_lock_interruptible
mutex_lock_killable
mutex_trylock
mutex_unlock
nd_jump_root
need_active_balance
need_mlock_drain
need_update
neigh_managed_work
netlink_ack
netlink_ack_tlv_len
netlink_alloc_large_skb
netlink_attachskb
netlink_capable
netlink_deliver_tap
netlink_has_listeners
__netlink_lookup
netlink_lookup
netlink_recvmsg
netlink_sendmsg
netlink_skb_destructor
netlink_skb_set_owner_r
netlink_trim
netlink_unicast
new_inode
new_inode_pseudo
new_slab
__next_base
next_expiry_recalc
next_online_pgdat
next_signal
next_uptodate_folio
next_zone
__nlmsg_put
node_dirty_ok
node_page_state
nohz_balance_enter_idle
nohz_balance_exit_idle
nohz_csd_func
_nohz_idle_balance.isra.0
nohz_run_idle_balance
nonseekable_open
noop_dirty_folio
no_page_table
__note_gp_changes
note_gp_changes
note_interrupt
notifier_call_chain
notify_change
nr_context_switches
nr_iowait
nr_iowait_cpu
nr_running
ns_capable
nsec_to_clock_t
ns_to_kernel_old_timeval
ns_to_timespec64
ntp_get_next_leap
ntp_tick_length
n_tty_ioctl
n_tty_ioctl_helper
n_tty_write
obj_cgroup_charge
obj_cgroup_release
obj_cgroup_uncharge
obj_cgroup_uncharge_pages
on_each_cpu_cond_mask
open_exec
osq_lock
osq_unlock
out_of_line_wait_on_bit
override_creds
p4d_clear_huge
p4d_offset
__page_cache_release
page_counter_charge
page_counter_try_charge
page_counter_uncharge
part_in_flight
path_from_stashed
path_get
path_getxattr
path_init
path_lookupat
path_noexec
path_openat
path_put
pcpu_alloc_area
pcpu_alloc_noprof
pcpu_block_refresh_hint
pcpu_block_update
pcpu_block_update_hint_alloc
pcpu_chunk_addr_search
pcpu_chunk_relocate
pcpu_find_block_fit
pcpu_free_area
pcpu_memcg_post_alloc_hook
pcpu_next_fit_region.constprop.0
__pcpu_size_to_slot
pde_subdir_find
perf_adjust_freq_unthr_context
perf_event_comm
perf_event_delayed_put
perf_event_exec
perf_event_exit_task
perf_event_fork
perf_event_init_task
perf_event_mmap
perf_event_task
perf_event_task_tick
perf_lock_task_context
pgtable_trans_huge_deposit
pick_eevdf
pick_next_entity
pick_next_task_dl
__pick_next_task_fair
pick_next_task_fair
pick_next_task_idle
pick_next_task_rt
pick_next_task_stop
pick_task_dl
pid_delete_dentry
pidfd_poll
pidfd_prepare
pidfd_show_fdinfo
pidfs_alloc_file
pidfs_put_data
pid_nr_ns
pid_revalidate
pids_can_fork
pids_release
pid_task
pid_vnr
pipe_clear_nowait
pipe_fcntl
pipe_ioctl
pipe_lock
pipe_poll
pipe_read
pipe_release
pipe_unlock
pipe_write
place_entity
__pmd_alloc
pmd_clear_huge
pmd_install
__pm_relax
__pm_runtime_idle
__pm_runtime_resume
__pm_runtime_suspend
pm_runtime_work
pm_suspend_timer_fn
policy_nodemask
poll_freewait
poll_schedule_timeout.constprop.0
poll_select_finish
poll_select_set_timeout
__pollwait
pollwake
pool_mayday_timeout
populate_seccomp_data
posix_cpu_timers_exit
posix_cpu_timers_exit_group
posix_cputimers_group_init
post_init_entity_util_avg
prepare_creds
prepare_exec_creds
prepare_kernel_cred
prepare_signal
prepare_to_swait_event
prepare_to_wait
prepare_to_wait_event
prep_compound_page
prepend
prepend_path
proc_alloc_inode
proc_cgroup_show
proc_dopipe_max_size
process_echoes
process_one_work
process_timeout
proc_exe_link
proc_fdinfo_permission
proc_flush_pid
proc_invalidate_siblings_dcache
proc_lookup
proc_lookup_de
proc_misc_d_delete
proc_misc_d_revalidate
proc_pid_cmdline_read
proc_pident_instantiate
proc_pid_make_inode
proc_pid_permission
proc_pid_readlink
proc_pid_status
proc_reg_open
proc_reg_read
proc_reg_read_iter
proc_reg_release
proc_self_get_link
proc_single_open
proc_single_show
proc_sys_call_handler
proc_sys_compare
proc_sys_delete
proc_sys_open
proc_sys_permission
proc_sys_read
proc_sys_revalidate
proc_task_name
proc_tgid_base_lookup
profile_tick
pskb_expand_head
__pte_alloc
__pte_offset_map
__pte_offset_map_lock
pte_offset_map_nolock
ptep_clear_flush
ptep_set_access_flags
__ptrace_may_access
ptrace_may_access
__pud_alloc
pud_clear_huge
pud_offset
pull_rt_task
__put_anon_vma
put_cmsg
put_cpu_partial
put_cpu_vector_context
__put_cred
put_cred_rcu
put_files_struct.part.0
putname
__put_partials
put_pid
put_pid_ns
put_prev_task_fair
put_prev_task_idle
put_prev_task_stop
__put_seccomp_filter
put_task_stack
__put_task_struct
put_task_struct_rcu_user
put_timespec64
put_ucounts
put_unused_fd
pwq_dec_nr_in_flight
pwq_tryinc_nr_active
__queue_delayed_work
queue_delayed_work_on
queued_read_lock_slowpath
queued_write_lock_slowpath
__queue_work
queue_work_on
quiet_vmstat
raise_softirq
__raise_softirq_irqoff
randomize_stack_top
raw_notifier_call_chain
_raw_read_lock
_raw_read_lock_irqsave
_raw_read_unlock
_raw_read_unlock_irqrestore
__raw_spin_lock_init
_raw_spin_lock_irq
_raw_spin_lock_irqsave
raw_spin_rq_lock_nested
raw_spin_rq_unlock
_raw_spin_trylock
_raw_spin_unlock
_raw_spin_unlock_irq
_raw_spin_unlock_irqrestore
_raw_write_lock
_raw_write_lock_bh
_raw_write_lock_irq
_raw_write_unlock
_raw_write_unlock_bh
_raw_write_unlock_irq
rcu_accelerate_cbs
rcu_accelerate_cbs_unlocked
rcu_all_qs
rcu_cblist_dequeue
rcu_core
rcu_core_si
rcu_gp_cleanup
rcu_gp_fqs_loop
rcu_gp_init
rcu_gp_kthread_wake
rcu_gp_slow
rcu_implicit_dynticks_qs
rcu_is_cpu_rrupt_from_idle
rcu_needs_cpu
rcu_note_context_switch
rcu_qs
rcu_report_qs_rdp
rcu_report_qs_rnp
rcu_sched_clock_irq
rcu_segcblist_accelerate
rcu_segcblist_add_len
rcu_segcblist_advance
rcu_segcblist_enqueue
rcu_segcblist_extract_done_cbs
rcu_segcblist_get_seglen
rcu_segcblist_insert_done_cbs
rcu_segcblist_n_segment_cbs
rcu_segcblist_pend_cbs
rcu_segcblist_ready_cbs
rcu_softirq_qs
rcu_start_this_gp
rcu_trc_cmpxchg_need_qs
readlink_copy
recalc_bh_state.part.0
recalc_sigpending
redirty_tail_locked
refill_obj_stock
__refill_stock
refresh_cpu_vm_stats
release_dentry_name_snapshot
release_pte_folio
release_task
release_thread
release_user_cpus_ptr
remove_entity_load_avg
__remove_hrtimer
remove_vma
remove_vm_area
remove_wait_queue
render_cap_t
render_sigset_t
resched_curr
restore_altstack
revert_creds
riscv_clock_event_stop
riscv_clock_next_event
riscv_clocksource_rdtime
riscv_intc_aia_irq
riscv_intc_irq_eoi
__riscv_sys_accept4
__riscv_sys_brk
__riscv_sys_clone
__riscv_sys_close
__riscv_sys_close_range
__riscv_sys_connect
__riscv_sys_dup3
__riscv_sys_epoll_ctl
__riscv_sys_epoll_pwait
__riscv_sys_epoll_pwait2
__riscv_sys_execve
__riscv_sys_exit_group
__riscv_sys_faccessat
__riscv_sys_fcntl
__riscv_sys_fstatfs
__riscv_sys_ftruncate
__riscv_sys_futex
__riscv_sys_getdents64
__riscv_sys_geteuid
__riscv_sys_getpgid
__riscv_sys_getpid
__riscv_sys_getppid
__riscv_sys_getrandom
__riscv_sys_getsockname
__riscv_sys_getsockopt
__riscv_sys_gettid
__riscv_sys_getuid
__riscv_sys_inotify_add_watch
__riscv_sys_ioctl
__riscv_sys_lgetxattr
__riscv_sys_lseek
__riscv_sys_mmap
__riscv_sys_mprotect
__riscv_sys_munmap
__riscv_sys_newfstatat
__riscv_sys_newuname
__riscv_sys_openat
__riscv_sys_pipe2
__riscv_sys_ppoll
__riscv_sys_prlimit64
__riscv_sys_pselect6
__riscv_sys_read
__riscv_sys_readlinkat
__riscv_sys_recvfrom
__riscv_sys_recvmsg
__riscv_sys_rt_sigaction
__riscv_sys_rt_sigprocmask
__riscv_sys_rt_sigreturn
__riscv_sys_sendmsg
__riscv_sys_sendto
__riscv_sys_set_robust_list
__riscv_sys_set_tid_address
__riscv_sys_socket
__riscv_sys_splice
__riscv_sys_timerfd_settime
__riscv_sys_wait4
__riscv_sys_waitid
__riscv_sys_write
riscv_timer_interrupt
riscv_v_thread_alloc
riscv_v_thread_free
riscv_v_vstate_ctrl_init
riscv_v_vstate_ctrl_user_allowed
round_jiffies
round_jiffies_relative
__rpm_callback
rpm_callback
rpm_check_suspend_allowed
__rpm_get_callback
rpm_idle
rpm_resume
rpm_suspend
rt_mutex_debug_task_free
run_ksoftirqd
run_posix_cpu_timers
__run_timer_base
run_timer_softirq
__rwlock_init
rwsem_down_read_slowpath
rwsem_down_write_slowpath
rwsem_mark_wake
rwsem_spin_on_owner
rwsem_wake.isra.0
rw_verify_area
__save_altstack
sb_clear_inode_writeback
sb_mark_inode_writeback
sched_balance_domains
sched_balance_find_dst_group
sched_balance_find_src_group
sched_balance_newidle
sched_balance_rq
sched_balance_softirq
sched_balance_trigger
sched_balance_update_blocked_averages
sched_cgroup_fork
sched_exec
sched_fork
sched_mm_cid_after_execve
sched_mm_cid_before_execve
sched_mm_cid_exit_signals
sched_mm_cid_fork
sched_mm_cid_migrate_to
sched_mm_cid_remote_clear
sched_post_fork
sched_tick
sched_ttwu_pending
schedule
schedule_delayed_monitor_work
schedule_hrtimeout_range
schedule_hrtimeout_range_clock
schedule_idle
schedule_preempt_disabled
schedule_tail
schedule_timeout
schedule_timeout_interruptible
search_exception_tables
__seccomp_filter
__seccomp_filter_orphan
seccomp_filter_release
second_overflow
__secure_computing
security_bprm_check
security_bprm_committed_creds
security_bprm_committing_creds
security_bprm_creds_for_exec
security_bprm_creds_from_file
security_capable
security_cred_free
security_current_getsecid_subj
security_d_instantiate
security_file_alloc
security_file_fcntl
security_file_free
security_file_ioctl
security_file_mprotect
security_file_open
security_file_permission
security_file_post_open
security_file_release
security_file_truncate
security_inode_alloc
security_inode_follow_link
security_inode_free
security_inode_getattr
security_inode_getxattr
security_inode_need_killpriv
security_inode_permission
security_inode_post_setattr
security_inode_readlink
security_inode_setattr
security_mmap_addr
security_mmap_file
security_netlink_send
security_prepare_creds
security_ptrace_access_check
security_sb_statfs
security_secid_to_secctx
security_sk_alloc
security_sk_free
security_socket_accept
security_socket_connect
security_socket_create
security_socket_getpeersec_dgram
security_socket_getpeersec_stream
security_socket_getsockname
security_socket_getsockopt
security_socket_post_create
security_socket_recvmsg
security_socket_sendmsg
security_sock_graft
security_sock_rcv_skb
security_task_alloc
security_task_free
security_task_to_inode
security_unix_may_send
security_unix_stream_connect
security_vm_enough_memory_mm
select_estimate_accuracy
select_task_rq_fair
__send_signal_locked
seq_escape_mem
seq_fdinfo_open
seq_open
seq_printf
seq_putc
seq_put_decimal_ll
seq_put_decimal_ull
seq_put_decimal_ull_width
seq_put_hex_ll
__seq_puts
seq_read
seq_read_iter
seq_show
seq_write
serial8250_default_handle_irq
serial8250_handle_irq
serial8250_interrupt
serial8250_modem_status
serial8250_start_tx
serial8250_tx_chars
serial_port_runtime_resume
serial_port_runtime_suspend
setattr_copy
setattr_prepare
setattr_should_drop_suidgid
set_binfmt
set_close_on_exec
set_cred_ucounts
set_current_blocked
set_dumpable
set_mm_exe_file
set_next_entity
set_nlink
set_normalized_timespec64
set_pte_range
set_root
__set_task_blocked
__set_task_comm
set_task_cpu
set_task_max_allowed_capacity
set_task_rq_fair
__setup_additional_pages.isra.0
setup_arg_pages
setup_new_exec
set_user_nice
set_user_sigmask
shift_arg_pages
shmem_add_to_page_cache
shmem_alloc_and_add_folio
shmem_alloc_folio
shmem_file_llseek
shmem_file_open
shmem_file_write_iter
shmem_free_in_core_inode
shmem_getattr
shmem_get_folio_gfp
shmem_inode_acct_blocks
__shmem_is_huge
shmem_mapping
shmem_recalc_inode
shmem_write_begin
shmem_write_end
shmem_xattr_handler_get
should_fail_alloc_page
should_fail_bio.isra.0
should_failslab.constprop.0
show_fd_locks
show_interrupts
show_stat
sigaction_compat_abi
signalfd_cleanup
signal_setup_done
sigprocmask
__sigqueue_alloc
simple_copy_to_iter
simple_inode_init_ts
simple_lookup
simple_statfs
simple_xattr_get
single_next
single_open
single_release
single_start
single_stop
sk_alloc
skb_clone
skb_copy_datagram_from_iter
skb_copy_datagram_iter
__skb_datagram_iter
skb_dequeue
skb_free_datagram
skb_free_head
skb_headers_offset_update
skb_put
skb_queue_purge_reason
skb_queue_tail
__skb_recv_datagram
skb_recv_datagram
skb_release_data
skb_release_head_state
skb_set_owner_w
__skb_try_recv_datagram
__skb_try_recv_from_queue
skb_unlink
__sk_destruct
sk_destruct
sk_filter_trim_cap
__sk_free
sk_free
sk_getsockopt
sk_init_common
sk_prot_alloc
___slab_alloc
__slab_alloc.isra.0
__slab_free
smp_call_function_many_cond
smp_call_function_single_async
__smp_call_single_queue
sock_alloc
sock_alloc_file
sock_alloc_inode
sock_alloc_send_pskb
sock_close
__sock_create
sock_def_readable
sock_do_ioctl
sockfd_lookup_light
sock_free_inode
sock_init_data
sock_init_data_uid
sock_ioctl
sock_poll
sock_read_iter
sock_recvmsg
__sock_recv_timestamp
__sock_release
sock_rfree
__sock_sendmsg
sock_wfree
sock_wmalloc
softlockup_fn
special_mapping_close
special_mapping_fault
splice_file_to_pipe
splice_from_pipe_next
splice_grow_spd
splice_shrink_spd
splice_to_pipe
__split_vma
__srcu_read_lock
__srcu_read_unlock
start_this_handle
start_thread
statfs_by_dentry
step_into
stop_one_cpu
stop_one_cpu_nowait
stop_this_handle
str2hashbuf_signed
stream_open
submit_bh
submit_bh_wbc
__submit_bio
submit_bio
submit_bio_noacct
submit_bio_noacct_nocheck
super_trylock_shared
swake_up_one
swake_up_one_online
switch_mm
switch_task_namespaces
__sys_accept4
syscall_exit_work
syscall_trace_enter
__sys_connect
__sys_connect_file
sysctl_head_grab
sysctl_perm
__sys_getsockname
__sys_getsockopt
__sys_recvfrom
____sys_recvmsg
___sys_recvmsg
__sys_recvmsg
____sys_sendmsg
___sys_sendmsg
__sys_sendmsg
__sys_sendto
__sys_socket
take_dentry_name_snapshot
task_active_pid_ns
task_dead_fair
task_dump_owner
task_fork_fair
task_h_load
task_lookup_fdget_rcu
task_mem
task_mm_cid_work
__task_pid_nr_ns
__task_rq_lock
task_tick_fair
task_tick_idle
task_tick_mm_cid
task_tick_stop
task_work_add
task_work_run
tcp_orphan_count_sum
tcp_orphan_update
terminate_walk
thp_get_unmapped_area
thp_get_unmapped_area_vmflags
__thp_vma_allowable_orders
thread_group_cputime
thread_group_cputime_adjusted
thread_stack_free_rcu
tick_check_oneshot_broadcast_this_cpu
tick_do_update_jiffies64
tick_irq_enter
tick_nohz_handler
tick_nohz_idle_enter
tick_nohz_idle_exit
tick_nohz_idle_stop_tick
tick_nohz_irq_exit
tick_nohz_next_event
tick_nohz_restart
tick_nohz_stop_idle
tick_program_event
tid_fd_mode
tid_fd_revalidate
tid_fd_update_inode
timekeeping_advance
timekeeping_max_deferment
timekeeping_update
timer_base_try_to_set_idle
timer_clear_idle
timer_delete
__timer_delete_sync
timer_delete_sync
timer_expire_remote
timerfd_poll
timerfd_read_iter
timerfd_tmrproc
timer_lock_remote_bases
timer_unlock_remote_bases
timespec64_add_safe
timestamp_truncate
__tlb_batch_free_encoded_pages
tlb_finish_mmu
tlb_gather_mmu
tlb_gather_mmu_fullmm
__tlb_remove_folio_pages
__tlb_remove_folio_pages_size.isra.0
__tlb_remove_page_size
tlb_remove_table_smp_sync
tmigr_active_up
__tmigr_cpu_activate
tmigr_cpu_activate
tmigr_cpu_deactivate
tmigr_cpu_new_timer
tmigr_handle_remote
tmigr_inactive_up
tmigr_quick_check
tmigr_requires_handle_remote
tmigr_update_events
topology_scale_freq_tick
touch_atime
__traverse_mounts
truncate_inode_pages_final
truncate_inode_pages_range
truncate_pagecache
try_charge_memcg
try_grab_folio
try_module_get
try_to_unlazy
try_to_unlazy_next
try_to_wake_up
tsk_fork_get_node
ttwu_do_activate
ttwu_queue_wakelist
tty_audit_exit
tty_audit_fork
__tty_buffer_request_room
tty_buffer_request_room
tty_get_pgrp
tty_hung_up_p
tty_ioctl
tty_jobctrl_ioctl
tty_kref_put
tty_ldisc_deref
tty_ldisc_ref_wait
tty_lock
tty_lock_slave
tty_mode_ioctl
tty_open
tty_open_proc_set_tty
tty_port_block_til_ready
tty_port_close
tty_port_close_start
tty_port_default_wakeup
tty_port_open
tty_port_tty_get
tty_port_tty_set
tty_port_tty_wakeup
tty_release
tty_reopen
tty_unlock
tty_unlock_slave
tty_update_time
tty_wakeup
tty_write
tty_write_room
uart_close
uart_dtr_rts
uart_flush_chars
uart_ioctl
uart_open
__uart_start
uart_start
uart_update_mctrl
uart_write
uart_write_room
uart_write_wakeup
uncharge_batch
uncharge_folio
unix_accept
unix_close
unix_create
unix_create1
unix_destruct_scm
unix_dgram_poll
__unix_dgram_recvmsg
unix_dgram_recvmsg
unix_dgram_sendmsg
unix_find_other
__unix_find_socket_byname.isra.0
unix_getname
unix_inq_len
unix_ioctl
unix_peer_get
unix_poll
unix_release
unix_release_sock
unix_scm_to_skb
unix_sock_destructor
unix_stream_connect
unix_stream_read_actor
unix_stream_read_generic
unix_stream_recvmsg
unix_stream_sendmsg
unix_update_edges
unix_write_space
unlink_anon_vmas
unlink_file_vma
unlock_buffer
unlock_page
unmap_mapping_range
unmap_page_range
unmap_region
unmap_single_vma.isra.0
unmap_vmas
unroll_tree_refs
unshare_files
update_cfs_group
update_curr
update_curr_common
update_dl_rq_load_avg
update_fast_timekeeper
update_group_capacity
update_io_ticks
__update_load_avg_blocked_se
__update_load_avg_cfs_rq
__update_load_avg_se
update_min_vruntime
update_process_times
update_rq_clock
update_rt_rq_load_avg
__update_runtime_status
update_socket_protocol
update_vsyscall
update_wall_time
up_read
uprobe_clear_state
uprobe_copy_process
uprobe_deny_signal
uprobe_dup_mmap
uprobe_end_dup_mmap
uprobe_free_utask
uprobe_mmap
uprobe_munmap
uprobe_start_dup_mmap
up_write
user_path_at_empty
vfree
vfree_atomic
vfs_fstat
vfs_fstatat
vfs_getattr
vfs_getattr_nosec
__vfs_getxattr
vfs_getxattr
vfs_open
vfs_read
vfs_readlink
vfs_statfs.part.0.isra.0
vfs_statx
vfs_write
virtblk_add_req
virtblk_done
virtblk_prep_rq.isra.0
virtio_queue_rq
virtqueue_add_sgs
virtqueue_disable_cb
virtqueue_enable_cb
virtqueue_enable_cb_prepare
virtqueue_get_buf
virtqueue_get_buf_ctx
virtqueue_kick_prepare
virtqueue_notify
vma_adjust_trans_huge
vma_alloc_folio_noprof
vma_dup_policy
vma_expand
vma_interval_tree_augment_rotate
vma_interval_tree_insert
vma_interval_tree_insert_after
vma_interval_tree_iter_first
vma_interval_tree_remove
vma_is_secretmem
vma_link
__vmalloc_node_range_noprof
vmalloc_to_page
vma_merge.isra.0
vma_modify
vma_pgtable_walk_begin
vma_pgtable_walk_end
__vmap_pages_range_noflush
vm_area_alloc
vm_area_dup
__vm_area_free
vm_area_free
vm_area_free_rcu_cb
vma_set_page_prot
vma_shrink
vma_wants_writenotify
vm_brk_flags
__vm_enough_memory
vmf_anon_prepare
vm_interrupt
vm_mmap
vm_mmap_pgoff
__vm_munmap
vm_munmap
vm_normal_page
vm_notify
vm_stat_account
vmstat_shepherd
vmstat_update
vm_unmapped_area
vring_interrupt
vring_map_one_sg
vring_unmap_one_split
vruntime_eligible
__vunmap_range_noflush
wait_consider_task
wait_for_completion
wait_for_completion_killable
wait_for_completion_state
wait_for_initramfs
wait_for_space
wait_for_unix_gc
__wait_on_bit
wake_bit_function
wake_q_add
wake_q_add_safe
__wake_up
wake_up_bit
__wake_up_common
__wake_up_locked_key
wake_up_new_task
__wake_up_parent
wakeup_preempt
wake_up_process
wake_up_q
wakeup_source_unregister
wake_up_state
__wake_up_sync_key
walk_component
watchdog_timer_fn
wbc_account_cgroup_owner
wbc_attach_and_unlock_inode
wb_io_lists_populated
wb_wakeup_delayed
worker_detach_from_pool
worker_enter_idle
worker_leave_idle
work_grab_pending
workingset_activation
workingset_update_node
would_dump
wq_watchdog_reset_touched
wq_watchdog_timer_fn
wq_worker_running
wq_worker_sleeping
wq_worker_tick
__writeback_inodes_wb
writeback_sb_inodes
__writeback_single_inode
writeout_period
xattr_full_name
xattr_permission
xattr_resolve_name
zap_other_threads
__zone_watermark_ok
